2025-11-09 16:12:34 0 [Note] Starting MariaDB 10.6.17-MariaDB source revision 15c75ad083a55e198ae78324f22970694b72f22b as process 33120
2025-11-09 16:12:34 0 [Note] InnoDB: The first data file './ibdata1' did not exist. A new tablespace will be created!
2025-11-09 16:12:34 0 [Note] InnoDB: Compressed tables use zlib 1.3
2025-11-09 16:12:34 0 [Note] InnoDB: Number of pools: 1
2025-11-09 16:12:34 0 [Note] InnoDB: Using crc32 + pclmulqdq instructions
2025-11-09 16:12:34 0 [Note] InnoDB: Initializing buffer pool, total size = 20971520, chunk size = 20971520
2025-11-09 16:12:34 0 [Note] InnoDB: Completed initialization of buffer pool
2025-11-09 16:12:34 0 [Note] InnoDB: Setting log file ./ib_logfile101 size to 100663296 bytes
2025-11-09 16:12:34 0 [Note] InnoDB: Setting file './ibdata1' size to 12 MB. Physically writing the file full; Please wait ...
2025-11-09 16:12:34 0 [Note] InnoDB: File './ibdata1' size is now 12 MB.
2025-11-09 16:12:34 0 [Note] InnoDB: Renaming log file ./ib_logfile101 to ./ib_logfile0
2025-11-09 16:12:34 0 [Note] InnoDB: New log file created, LSN=10301
2025-11-09 16:12:34 0 [Note] InnoDB: Doublewrite buffer not found: creating new
2025-11-09 16:12:34 0 [Note] InnoDB: Doublewrite buffer created
2025-11-09 16:12:34 0 [Note] InnoDB: 128 rollback segments are active.
2025-11-09 16:12:34 0 [Note] InnoDB: Creating shared tablespace for temporary tables
2025-11-09 16:12:34 0 [Note] InnoDB: Setting file './ibtmp1' size to 12 MB. Physically writing the file full; Please wait ...
2025-11-09 16:12:34 0 [Note] InnoDB: File './ibtmp1' size is now 12 MB.
2025-11-09 16:12:34 0 [Note] InnoDB: 10.6.17 started; log sequence number 0; transaction id 3
2025-11-09 16:12:34 0 [Note] Plugin 'FEEDBACK' is disabled.
